-------------------------------------------------------------------------------
Test set: com.baeldung.serenity.spring.AdderIntegrationTest
-------------------------------------------------------------------------------
Tests run: 1, Failures: 0, Errors: 1, Skipped: 0, Time elapsed: 0.006 sec <<< FAILURE! - in com.baeldung.serenity.spring.AdderIntegrationTest
initializationError(com.baeldung.serenity.spring.AdderIntegrationTest)  Time elapsed: 0.001 sec  <<< ERROR!
java.lang.ClassCastException: class [Ljava.lang.Object; cannot be cast to class [Lorg.jbehave.core.reporters.Format; ([Ljava.lang.Object; is in module java.base of loader 'bootstrap'; [Lorg.jbehave.core.reporters.Format; is in unnamed module of loader 'app')
	at net.serenitybdd.jbehave.SerenityJBehave.defaultConfiguration(SerenityJBehave.java:62)
	at net.serenitybdd.jbehave.SerenityStories.configuration(SerenityStories.java:83)
	at org.jbehave.core.ConfigurableEmbedder.configuredEmbedder(ConfigurableEmbedder.java:118)
	at net.serenitybdd.jbehave.runners.SerenityReportingRunner.<init>(SerenityReportingRunner.java:80)
	at net.serenitybdd.jbehave.runners.SerenityReportingRunner.<init>(SerenityReportingRunner.java:74)
	at java.base/jdk.internal.reflect.NativeConstructorAccessorImpl.newInstance0(Native Method)
	at java.base/jdk.internal.reflect.NativeConstructorAccessorImpl.newInstance(NativeConstructorAccessorImpl.java:62)
	at java.base/jdk.internal.reflect.DelegatingConstructorAccessorImpl.newInstance(DelegatingConstructorAccessorImpl.java:45)
	at java.base/java.lang.reflect.Constructor.newInstance(Constructor.java:490)
	at org.junit.internal.builders.AnnotatedBuilder.buildRunner(AnnotatedBuilder.java:104)
	at org.junit.internal.builders.AnnotatedBuilder.runnerForClass(AnnotatedBuilder.java:86)
	at org.junit.runners.model.RunnerBuilder.safeRunnerForClass(RunnerBuilder.java:59)
	at org.junit.internal.builders.AllDefaultPossibilitiesBuilder.runnerForClass(AllDefaultPossibilitiesBuilder.java:26)
	at org.junit.runners.model.RunnerBuilder.safeRunnerForClass(RunnerBuilder.java:59)
	at org.junit.internal.requests.ClassRequest.getRunner(ClassRequest.java:33)
	at org.apache.maven.surefire.junit4.JUnit4Provider.execute(JUnit4Provider.java:262)
	at org.apache.maven.surefire.junit4.JUnit4Provider.executeTestSet(JUnit4Provider.java:153)
	at org.apache.maven.surefire.junit4.JUnit4Provider.invoke(JUnit4Provider.java:124)
	at org.apache.maven.surefire.booter.ForkedBooter.invokeProviderInSameClassLoader(ForkedBooter.java:200)
	at org.apache.maven.surefire.booter.ForkedBooter.runSuitesInProcess(ForkedBooter.java:153)
	at org.apache.maven.surefire.booter.ForkedBooter.main(ForkedBooter.java:103)

