<?xml version="1.0" encoding="UTF-8"?>
<testsuite name="com.baeldung.serenity.MemberStatusIntegrationTest" time="0.097" tests="6" errors="0" skipped="2" failures="0">
  <properties>
[...]
</properties>
  <testcase name="membersShouldStartWithBronzeStatus" classname="com.baeldung.serenity.MemberStatusIntegrationTest" time="0.054"/>
  <testcase name="memberWith500PointsEarnsGoldAfterSpends$40000" classname="com.baeldung.serenity.MemberStatusIntegrationTest" time="0">
    <skipped/>
    <system-out><![CDATA[15:46:21.659 [main] INFO net.serenitybdd.core.Serenity - 
        __    _____ _____ ____ _____   ____   _    ____  ____  _____ ____  
  _     \ \  |_   _| ____/ ___|_   _| |  _ \ / \  / ___|/ ___|| ____|  _ \ 
 (_)_____| |   | | |  _| \___ \ | |   | |_) / _ \ \___ \\___ \|  _| | | | |
  _|_____| |   | | | |___ ___) || |   |  __/ ___ \ ___) |___) | |___| |_| |
 (_)     | |   |_| |_____|____/ |_|   |_| /_/   \_\____/|____/|_____|____/ 
        /_/                                                                

TEST PASSED: Members should start with bronze status
----------------------------------------------------------------------------
15:46:21.661 [main] INFO net.serenitybdd.core.Serenity - 
 _____ _____ ____ _____   ____ _____  _    ____ _____ _____ ____  
|_   _| ____/ ___|_   _| / ___|_   _|/ \  |  _ \_   _| ____|  _ \ 
  | | |  _| \___ \ | |   \___ \ | | / _ \ | |_) || | |  _| | | | |
  | | | |___ ___) || |    ___) || |/ ___ \|  _ < | | | |___| |_| |
  |_| |_____|____/ |_|   |____/ |_/_/   \_\_| \_\|_| |_____|____/ 
                                                                  

TEST STARTED: memberWith500PointsEarnsGoldAfterSpends$40000
-------------------------------------------------------------------
15:46:21.662 [main] INFO net.serenitybdd.core.Serenity - TEST NUMBER: 3
15:46:21.663 [main] INFO net.serenitybdd.core.Serenity - TEST IGNORED
15:46:21.666 [main] INFO net.serenitybdd.core.Serenity - 
            __  _____ _____ ____ _____   ____  _  _____ ____  ____  _____ ____  
  _        / / |_   _| ____/ ___|_   _| / ___|| |/ /_ _|  _ \|  _ \| ____|  _ \ 
 (_)_____ / /    | | |  _| \___ \ | |   \___ \| ' / | || |_) | |_) |  _| | | | |
  _|_____/ /     | | | |___ ___) || |    ___) | . \ | ||  __/|  __/| |___| |_| |
 (_)    /_/      |_| |_____|____/ |_|   |____/|_|\_\___|_|   |_|   |_____|____/ 
                                                                                

TEST SKIPPED: Members with 500 points should have a Gold status when added 4,000 points ($40,000)
---------------------------------------------------------------------------------
]]></system-out>
  </testcase>
  <testcase name="memberWith100EarnsGoldAfterSpends$100000" classname="com.baeldung.serenity.MemberStatusIntegrationTest" time="0">
    <skipped/>
    <system-out><![CDATA[15:46:21.669 [main] INFO net.serenitybdd.core.Serenity - 
 _____ _____ ____ _____   ____ _____  _    ____ _____ _____ ____  
|_   _| ____/ ___|_   _| / ___|_   _|/ \  |  _ \_   _| ____|  _ \ 
  | | |  _| \___ \ | |   \___ \ | | / _ \ | |_) || | |  _| | | | |
  | | | |___ ___) || |    ___) || |/ ___ \|  _ < | | | |___| |_| |
  |_| |_____|____/ |_|   |____/ |_/_/   \_\_| \_\|_| |_____|____/ 
                                                                  

TEST STARTED: memberWith100EarnsGoldAfterSpends$100000
-------------------------------------------------------------------
15:46:21.669 [main] INFO net.serenitybdd.core.Serenity - TEST NUMBER: 4
15:46:21.670 [main] INFO net.serenitybdd.core.Serenity - TEST IGNORED
15:46:21.672 [main] INFO net.serenitybdd.core.Serenity - 
            __  _____ _____ ____ _____   ____  _  _____ ____  ____  _____ ____  
  _        / / |_   _| ____/ ___|_   _| / ___|| |/ /_ _|  _ \|  _ \| ____|  _ \ 
 (_)_____ / /    | | |  _| \___ \ | |   \___ \| ' / | || |_) | |_) |  _| | | | |
  _|_____/ /     | | | |___ ___) || |    ___) | . \ | ||  __/|  __/| |___| |_| |
 (_)    /_/      |_| |_____|____/ |_|   |____/|_|\_\___|_|   |_|   |_____|____/ 
                                                                                

TEST SKIPPED: Members with 100 points would have a Gold status when added 10,000 points ($100,000)
---------------------------------------------------------------------------------
]]></system-out>
  </testcase>
  <testcase name="earnsSilverAfterSpends$10000" classname="com.baeldung.serenity.MemberStatusIntegrationTest" time="0.011"/>
  <testcase name="memberWith2000PointsEarnsGoldAfterSpends$30000" classname="com.baeldung.serenity.MemberStatusIntegrationTest" time="0.013"/>
  <testcase name="memberWith50000PointsCanExchangeAMacbookpro" classname="com.baeldung.serenity.MemberStatusIntegrationTest" time="0.019"/>
</testsuite>