<?xml version="1.0" encoding="UTF-8"?>
<testsuite name="com.baeldung.serenity.GithubUserProfilePayloadIntegrationTest" time="0.001" tests="1" errors="1" skipped="0" failures="0">
  <properties>
    <property name="java.runtime.name" value="OpenJDK Runtime Environment"/>
    <property name="java.vm.version" value="11.0.4+11-post-Ubuntu-1ubuntu218.04.3"/>
    <property name="sun.boot.library.path" value="/usr/lib/jvm/java-11-openjdk-amd64/lib"/>
    <property name="maven.multiModuleProjectDirectory" value="/home/highnewb/Cours/Mod_Env/tutorials/libraries-testing"/>
    <property name="java.vm.vendor" value="Ubuntu"/>
    <property name="java.vendor.url" value="https://ubuntu.com/"/>
    <property name="guice.disable.misplaced.annotation.check" value="true"/>
    <property name="path.separator" value=":"/>
    <property name="java.vm.name" value="OpenJDK 64-Bit Server VM"/>
    <property name="sun.os.patch.level" value="unknown"/>
    <property name="user.country" value="FR"/>
    <property name="sun.java.launcher" value="SUN_STANDARD"/>
    <property name="java.vm.specification.name" value="Java Virtual Machine Specification"/>
    <property name="user.dir" value="/home/highnewb/Cours/Mod_Env/tutorials/libraries-testing"/>
    <property name="java.vm.compressedOopsMode" value="32-bit"/>
    <property name="java.runtime.version" value="11.0.4+11-post-Ubuntu-1ubuntu218.04.3"/>
    <property name="java.awt.graphicsenv" value="sun.awt.X11GraphicsEnvironment"/>
    <property name="os.arch" value="amd64"/>
    <property name="java.io.tmpdir" value="/tmp"/>
    <property name="line.separator" value="&#10;"/>
    <property name="java.vm.specification.vendor" value="Oracle Corporation"/>
    <property name="os.name" value="Linux"/>
    <property name="classworlds.conf" value="/usr/share/maven/bin/m2.conf"/>
    <property name="sun.jnu.encoding" value="UTF-8"/>
    <property name="java.library.path" value="/usr/java/packages/lib:/usr/lib/x86_64-linux-gnu/jni:/lib/x86_64-linux-gnu:/usr/lib/x86_64-linux-gnu:/usr/lib/jni:/lib:/usr/lib"/>
    <property name="jdk.debug" value="release"/>
    <property name="java.class.version" value="55.0"/>
    <property name="java.specification.name" value="Java Platform API Specification"/>
    <property name="sun.management.compiler" value="HotSpot 64-Bit Tiered Compilers"/>
    <property name="os.version" value="4.18.0-15-generic"/>
    <property name="user.home" value="/home/highnewb"/>
    <property name="user.timezone" value="Europe/Paris"/>
    <property name="java.awt.printerjob" value="sun.print.PSPrinterJob"/>
    <property name="file.encoding" value="UTF-8"/>
    <property name="java.specification.version" value="11"/>
    <property name="user.name" value="highnewb"/>
    <property name="java.class.path" value="/usr/share/maven/boot/plexus-classworlds-2.x.jar"/>
    <property name="java.vm.specification.version" value="11"/>
    <property name="sun.arch.data.model" value="64"/>
    <property name="sun.java.command" value="org.codehaus.plexus.classworlds.launcher.Launcher clean package"/>
    <property name="java.home" value="/usr/lib/jvm/java-11-openjdk-amd64"/>
    <property name="user.language" value="fr"/>
    <property name="java.specification.vendor" value="Oracle Corporation"/>
    <property name="awt.toolkit" value="sun.awt.X11.XToolkit"/>
    <property name="java.vm.info" value="mixed mode, sharing"/>
    <property name="java.version" value="11.0.4"/>
    <property name="securerandom.source" value="file:/dev/./urandom"/>
    <property name="java.vendor" value="Ubuntu"/>
    <property name="maven.home" value="/usr/share/maven"/>
    <property name="file.separator" value="/"/>
    <property name="java.version.date" value="2019-07-16"/>
    <property name="java.vendor.url.bug" value="https://bugs.launchpad.net/ubuntu/+source/openjdk-lts"/>
    <property name="sun.io.unicode.encoding" value="UnicodeLittle"/>
    <property name="sun.cpu.endian" value="little"/>
    <property name="sun.cpu.isalist" value=""/>
  </properties>
  <testcase name="initializationError" classname="com.baeldung.serenity.GithubUserProfilePayloadIntegrationTest" time="0.001">
    <error message="class [Ljava.lang.Object; cannot be cast to class [Lorg.jbehave.core.reporters.Format; ([Ljava.lang.Object; is in module java.base of loader &apos;bootstrap&apos;; [Lorg.jbehave.core.reporters.Format; is in unnamed module of loader &apos;app&apos;)" type="java.lang.ClassCastException"><![CDATA[java.lang.ClassCastException: class [Ljava.lang.Object; cannot be cast to class [Lorg.jbehave.core.reporters.Format; ([Ljava.lang.Object; is in module java.base of loader 'bootstrap'; [Lorg.jbehave.core.reporters.Format; is in unnamed module of loader 'app')
	at net.serenitybdd.jbehave.SerenityJBehave.defaultConfiguration(SerenityJBehave.java:62)
	at net.serenitybdd.jbehave.SerenityStories.configuration(SerenityStories.java:83)
	at org.jbehave.core.ConfigurableEmbedder.configuredEmbedder(ConfigurableEmbedder.java:118)
	at net.serenitybdd.jbehave.runners.SerenityReportingRunner.<init>(SerenityReportingRunner.java:80)
	at net.serenitybdd.jbehave.runners.SerenityReportingRunner.<init>(SerenityReportingRunner.java:74)
	at java.base/jdk.internal.reflect.NativeConstructorAccessorImpl.newInstance0(Native Method)
	at java.base/jdk.internal.reflect.NativeConstructorAccessorImpl.newInstance(NativeConstructorAccessorImpl.java:62)
	at java.base/jdk.internal.reflect.DelegatingConstructorAccessorImpl.newInstance(DelegatingConstructorAccessorImpl.java:45)
	at java.base/java.lang.reflect.Constructor.newInstance(Constructor.java:490)
	at org.junit.internal.builders.AnnotatedBuilder.buildRunner(AnnotatedBuilder.java:104)
	at org.junit.internal.builders.AnnotatedBuilder.runnerForClass(AnnotatedBuilder.java:86)
	at org.junit.runners.model.RunnerBuilder.safeRunnerForClass(RunnerBuilder.java:59)
	at org.junit.internal.builders.AllDefaultPossibilitiesBuilder.runnerForClass(AllDefaultPossibilitiesBuilder.java:26)
	at org.junit.runners.model.RunnerBuilder.safeRunnerForClass(RunnerBuilder.java:59)
	at org.junit.internal.requests.ClassRequest.getRunner(ClassRequest.java:33)
	at org.apache.maven.surefire.junit4.JUnit4Provider.execute(JUnit4Provider.java:262)
	at org.apache.maven.surefire.junit4.JUnit4Provider.executeTestSet(JUnit4Provider.java:153)
	at org.apache.maven.surefire.junit4.JUnit4Provider.invoke(JUnit4Provider.java:124)
	at org.apache.maven.surefire.booter.ForkedBooter.invokeProviderInSameClassLoader(ForkedBooter.java:200)
	at org.apache.maven.surefire.booter.ForkedBooter.runSuitesInProcess(ForkedBooter.java:153)
	at org.apache.maven.surefire.booter.ForkedBooter.main(ForkedBooter.java:103)
]]></error>
    <system-out><![CDATA[15:46:21.738 [main] INFO net.serenitybdd.core.Serenity - 
          __  _____ _____ ____ _____   ____  _____ _   _ ____ ___ _   _  ____ 
 _       / / |_   _| ____/ ___|_   _| |  _ \| ____| \ | |  _ \_ _| \ | |/ ___|
(_)____ / /    | | |  _| \___ \ | |   | |_) |  _| |  \| | | | | ||  \| | |  _ 
 |_____/ /     | | | |___ ___) || |   |  __/| |___| |\  | |_| | || |\  | |_| |
(_)   /_/      |_| |_____|____/ |_|   |_|   |_____|_| \_|____/___|_| \_|\____|
                                                                                

TEST PENDING: Members with 50,000 points can exchange a MacBook Pro
---------------------------------------------------------------------------------
15:46:21.740 [main] DEBUG net.thucydides.core.reports.ReportService - Reporting formats: [JSON, HTML]
15:46:21.742 [main] DEBUG net.thucydides.core.reports.ReportService - Found reporter: net.thucydides.core.reports.xml.XMLTestOutcomeReporter@1a464fa3(format = Optional[XML])
15:46:21.742 [main] DEBUG net.thucydides.core.reports.ReportService - Found reporter: net.thucydides.core.reports.json.JSONTestOutcomeReporter@4215e133(format = Optional[JSON])
15:46:21.742 [main] DEBUG net.thucydides.core.reports.ReportService - Registering reporter: net.thucydides.core.reports.json.JSONTestOutcomeReporter@4215e133
15:46:21.742 [main] DEBUG net.thucydides.core.reports.ReportService - Found reporter: net.thucydides.core.reports.html.HtmlAcceptanceTestReporter@5ccb85d6(format = Optional[HTML])
15:46:21.743 [main] DEBUG net.thucydides.core.reports.ReportService - Registering reporter: net.thucydides.core.reports.html.HtmlAcceptanceTestReporter@5ccb85d6
15:46:21.743 [main] DEBUG net.thucydides.core.reports.ReportService - Reporting formats: [JSON, HTML]
15:46:21.744 [main] DEBUG net.thucydides.core.reports.ReportService - Generating reports for 6 test outcomes using: net.thucydides.core.reports.json.JSONTestOutcomeReporter@4215e133
15:46:21.746 [pool-6-thread-1] DEBUG net.thucydides.core.reports.ReportService - Processing test outcome Member status integration test:membersShouldStartWithBronzeStatus
15:46:21.746 [pool-6-thread-1] DEBUG net.thucydides.core.reports.ReportService - net.thucydides.core.reports.json.JSONTestOutcomeReporter@4215e133: Generating report for test outcome: Member status integration test:membersShouldStartWithBronzeStatus
15:46:21.746 [pool-6-thread-2] DEBUG net.thucydides.core.reports.ReportService - Processing test outcome Member status integration test:memberWith500PointsEarnsGoldAfterSpends$40000
15:46:21.746 [pool-6-thread-2] DEBUG net.thucydides.core.reports.ReportService - net.thucydides.core.reports.json.JSONTestOutcomeReporter@4215e133: Generating report for test outcome: Member status integration test:memberWith500PointsEarnsGoldAfterSpends$40000
15:46:21.749 [pool-6-thread-3] DEBUG net.thucydides.core.reports.ReportService - Processing test outcome Member status integration test:memberWith100EarnsGoldAfterSpends$100000
15:46:21.749 [pool-6-thread-1] DEBUG net.thucydides.core.reports.json.JSONTestOutcomeReporter - Generating JSON report for Members should start with bronze status to file /home/highnewb/Cours/Mod_Env/tutorials/libraries-testing/target/site/serenity/35cddb4ad46611e4be3440f1f3094ade8febdd41c25f760b288ff36fc3846175.json (using temp file /home/highnewb/Cours/Mod_Env/tutorials/libraries-testing/target/site/serenity/35cddb4ad46611e4be3440f1f3094ade8febdd41c25f760b288ff36fc3846175.json7852e4f0-98f8-481d-bc63-696fba254d3c)
15:46:21.749 [pool-6-thread-3] DEBUG net.thucydides.core.reports.ReportService - net.thucydides.core.reports.json.JSONTestOutcomeReporter@4215e133: Generating report for test outcome: Member status integration test:memberWith100EarnsGoldAfterSpends$100000
15:46:21.754 [pool-6-thread-4] DEBUG net.thucydides.core.reports.ReportService - Processing test outcome Member status integration test:earnsSilverAfterSpends$10000
15:46:21.754 [pool-6-thread-2] DEBUG net.thucydides.core.reports.json.JSONTestOutcomeReporter - Generating JSON report for Members with 500 points should have a Gold status when added 4,000 points ($40,000) to file /home/highnewb/Cours/Mod_Env/tutorials/libraries-testing/target/site/serenity/a857f3d06890365ed2c95818f2ee9ab3adba6aa9c88e590891ded63447d3a059.json (using temp file /home/highnewb/Cours/Mod_Env/tutorials/libraries-testing/target/site/serenity/a857f3d06890365ed2c95818f2ee9ab3adba6aa9c88e590891ded63447d3a059.json572ab4c0-c566-439b-b2d6-dbeae5dd42bd)
15:46:21.754 [pool-6-thread-3] DEBUG net.thucydides.core.reports.json.JSONTestOutcomeReporter - Generating JSON report for Members with 100 points would have a Gold status when added 10,000 points ($100,000) to file /home/highnewb/Cours/Mod_Env/tutorials/libraries-testing/target/site/serenity/7e969c664161994444905032e8c6db91d3d868243e8329752e6c02cde36b9e8e.json (using temp file /home/highnewb/Cours/Mod_Env/tutorials/libraries-testing/target/site/serenity/7e969c664161994444905032e8c6db91d3d868243e8329752e6c02cde36b9e8e.json514211c7-9358-416a-9ca7-7e6f35b9f77b)
15:46:21.754 [pool-6-thread-4] DEBUG net.thucydides.core.reports.ReportService - net.thucydides.core.reports.json.JSONTestOutcomeReporter@4215e133: Generating report for test outcome: Member status integration test:earnsSilverAfterSpends$10000
15:46:21.754 [pool-6-thread-5] DEBUG net.thucydides.core.reports.ReportService - Processing test outcome Member status integration test:memberWith2000PointsEarnsGoldAfterSpends$30000
15:46:21.755 [main] DEBUG net.thucydides.core.reports.junit.JUnitXMLOutcomeReporter - GENERATING JUNIT REPORTS
15:46:21.755 [pool-6-thread-6] DEBUG net.thucydides.core.reports.ReportService - Processing test outcome Member status integration test:memberWith50000PointsCanExchangeAMacbookpro
15:46:21.756 [pool-6-thread-5] DEBUG net.thucydides.core.reports.ReportService - net.thucydides.core.reports.json.JSONTestOutcomeReporter@4215e133: Generating report for test outcome: Member status integration test:memberWith2000PointsEarnsGoldAfterSpends$30000
15:46:21.756 [pool-6-thread-1] DEBUG net.thucydides.core.reports.ReportService - Processing test outcome Member status integration test:membersShouldStartWithBronzeStatus done
15:46:21.757 [pool-6-thread-4] DEBUG net.thucydides.core.reports.json.JSONTestOutcomeReporter - Generating JSON report for Members earn Silver grade after 1000 points ($10,000) to file /home/highnewb/Cours/Mod_Env/tutorials/libraries-testing/target/site/serenity/3bd0708e3ea2425f971e08185b09e4d3521e6fb7003c35c1726653026fac9060.json (using temp file /home/highnewb/Cours/Mod_Env/tutorials/libraries-testing/target/site/serenity/3bd0708e3ea2425f971e08185b09e4d3521e6fb7003c35c1726653026fac9060.json23ad535a-9bad-4272-b2b7-098abce90bf3)
15:46:21.757 [pool-6-thread-6] DEBUG net.thucydides.core.reports.ReportService - net.thucydides.core.reports.json.JSONTestOutcomeReporter@4215e133: Generating report for test outcome: Member status integration test:memberWith50000PointsCanExchangeAMacbookpro
15:46:21.757 [pool-6-thread-2] DEBUG net.thucydides.core.reports.ReportService - Processing test outcome Member status integration test:memberWith500PointsEarnsGoldAfterSpends$40000 done
15:46:21.758 [pool-6-thread-3] DEBUG net.thucydides.core.reports.ReportService - Processing test outcome Member status integration test:memberWith100EarnsGoldAfterSpends$100000 done
15:46:21.762 [pool-6-thread-5] DEBUG net.thucydides.core.reports.json.JSONTestOutcomeReporter - Generating JSON report for Members with 2,000 points should earn Gold grade when added 3,000 points ($30,000) to file /home/highnewb/Cours/Mod_Env/tutorials/libraries-testing/target/site/serenity/d6c93d7d808832a90c6f3e866d2c20598c04fcdd3beda78aefca0f905f3d67a9.json (using temp file /home/highnewb/Cours/Mod_Env/tutorials/libraries-testing/target/site/serenity/d6c93d7d808832a90c6f3e866d2c20598c04fcdd3beda78aefca0f905f3d67a9.json72b49646-9015-49ba-8f7e-c8c37561e16c)
15:46:21.764 [pool-6-thread-4] DEBUG net.thucydides.core.reports.ReportService - Processing test outcome Member status integration test:earnsSilverAfterSpends$10000 done
15:46:21.765 [pool-6-thread-6] DEBUG net.thucydides.core.reports.json.JSONTestOutcomeReporter - Generating JSON report for Members with 50,000 points can exchange a MacBook Pro to file /home/highnewb/Cours/Mod_Env/tutorials/libraries-testing/target/site/serenity/09a91063416706df8b26cfc7b82d932c65226cfd49039fefe7dea075269fa088.json (using temp file /home/highnewb/Cours/Mod_Env/tutorials/libraries-testing/target/site/serenity/09a91063416706df8b26cfc7b82d932c65226cfd49039fefe7dea075269fa088.jsonb1dbacf2-d02f-426f-9459-47135cd64e6e)
15:46:21.770 [pool-6-thread-5] DEBUG net.thucydides.core.reports.ReportService - Processing test outcome Member status integration test:memberWith2000PointsEarnsGoldAfterSpends$30000 done
15:46:21.773 [pool-6-thread-6] DEBUG net.thucydides.core.reports.ReportService - Processing test outcome Member status integration test:memberWith50000PointsCanExchangeAMacbookpro done
15:46:21.773 [main] DEBUG net.thucydides.core.reports.ReportService - Shutting down executor service
15:46:21.774 [main] DEBUG net.thucydides.core.reports.ReportService - Reports generated in: 30 ms
15:46:21.777 [main] DEBUG net.thucydides.core.reports.ReportService - Generating reports for 6 test outcomes using: net.thucydides.core.reports.html.HtmlAcceptanceTestReporter@5ccb85d6
15:46:21.785 [pool-7-thread-3] DEBUG net.thucydides.core.reports.ReportService - Processing test outcome Member status integration test:memberWith100EarnsGoldAfterSpends$100000
15:46:21.786 [pool-7-thread-3] DEBUG net.thucydides.core.reports.ReportService - net.thucydides.core.reports.html.HtmlAcceptanceTestReporter@5ccb85d6: Generating report for test outcome: Member status integration test:memberWith100EarnsGoldAfterSpends$100000
15:46:21.786 [pool-7-thread-3] DEBUG net.thucydides.core.reports.html.HtmlAcceptanceTestReporter - GENERATE TEST OUTCOME REPORT FOR memberWith100EarnsGoldAfterSpends$100000 in 7e969c664161994444905032e8c6db91d3d868243e8329752e6c02cde36b9e8e
15:46:21.786 [pool-7-thread-3] DEBUG net.thucydides.core.requirements.RequirementsTagProvider - Requirements found:[]
15:46:21.786 [pool-7-thread-3] DEBUG net.serenitybdd.plugins.jira.requirements.JIRARequirementsProvider - Find parent requirement in JIRA for Members with 100 points would have a Gold status when added 10,000 points ($100,000)
15:46:21.787 [pool-7-thread-3] DEBUG net.serenitybdd.plugins.jira.requirements.JIRARequirementsProvider - Find parent requirement in JIRA for Members with 100 points would have a Gold status when added 10,000 points ($100,000)
15:46:21.788 [pool-7-thread-3] DEBUG net.serenitybdd.plugins.jira.requirements.JIRARequirementsProvider - Find parent requirement in JIRA for Members with 100 points would have a Gold status when added 10,000 points ($100,000)
15:46:21.791 [pool-7-thread-3] DEBUG net.thucydides.core.reports.html.HtmlAcceptanceTestReporter - GENERATING HTML REPORT FOR Member status integration test:memberWith100EarnsGoldAfterSpends$100000 in 7e969c664161994444905032e8c6db91d3d868243e8329752e6c02cde36b9e8e.html in directory target/site/serenity  
15:46:21.791 [pool-7-thread-3] DEBUG net.thucydides.core.reports.html.HtmlAcceptanceTestReporter - Generating report in 7e969c664161994444905032e8c6db91d3d868243e8329752e6c02cde36b9e8e.html
15:46:21.794 [pool-7-thread-1] DEBUG net.thucydides.core.reports.ReportService - Processing test outcome Member status integration test:membersShouldStartWithBronzeStatus
15:46:21.794 [pool-7-thread-4] DEBUG net.thucydides.core.reports.ReportService - Processing test outcome Member status integration test:earnsSilverAfterSpends$10000
15:46:21.794 [pool-7-thread-1] DEBUG net.thucydides.core.reports.ReportService - net.thucydides.core.reports.html.HtmlAcceptanceTestReporter@5ccb85d6: Generating report for test outcome: Member status integration test:membersShouldStartWithBronzeStatus
15:46:21.795 [pool-7-thread-4] DEBUG net.thucydides.core.reports.ReportService - net.thucydides.core.reports.html.HtmlAcceptanceTestReporter@5ccb85d6: Generating report for test outcome: Member status integration test:earnsSilverAfterSpends$10000
15:46:21.796 [pool-7-thread-1] DEBUG net.thucydides.core.reports.html.HtmlAcceptanceTestReporter - GENERATE TEST OUTCOME REPORT FOR membersShouldStartWithBronzeStatus in 35cddb4ad46611e4be3440f1f3094ade8febdd41c25f760b288ff36fc3846175
15:46:21.796 [pool-7-thread-4] DEBUG net.thucydides.core.reports.html.HtmlAcceptanceTestReporter - GENERATE TEST OUTCOME REPORT FOR earnsSilverAfterSpends$10000 in 3bd0708e3ea2425f971e08185b09e4d3521e6fb7003c35c1726653026fac9060
15:46:21.796 [pool-7-thread-1] DEBUG net.thucydides.core.requirements.RequirementsTagProvider - Requirements found:[]
15:46:21.798 [pool-7-thread-1] DEBUG net.serenitybdd.plugins.jira.requirements.JIRARequirementsProvider - Find parent requirement in JIRA for Members should start with bronze status
15:46:21.798 [pool-7-thread-4] DEBUG net.thucydides.core.requirements.RequirementsTagProvider - Requirements found:[]
15:46:21.799 [pool-7-thread-4] DEBUG net.serenitybdd.plugins.jira.requirements.JIRARequirementsProvider - Find parent requirement in JIRA for Members earn Silver grade after 1000 points ($10,000)
15:46:21.799 [pool-7-thread-1] DEBUG net.serenitybdd.plugins.jira.requirements.JIRARequirementsProvider - Find parent requirement in JIRA for Members should start with bronze status
15:46:21.799 [pool-7-thread-1] DEBUG net.serenitybdd.plugins.jira.requirements.JIRARequirementsProvider - Find parent requirement in JIRA for Members should start with bronze status
15:46:21.800 [pool-7-thread-4] DEBUG net.serenitybdd.plugins.jira.requirements.JIRARequirementsProvider - Find parent requirement in JIRA for Members earn Silver grade after 1000 points ($10,000)
15:46:21.800 [pool-7-thread-4] DEBUG net.serenitybdd.plugins.jira.requirements.JIRARequirementsProvider - Find parent requirement in JIRA for Members earn Silver grade after 1000 points ($10,000)
15:46:21.801 [pool-7-thread-5] DEBUG net.thucydides.core.reports.ReportService - Processing test outcome Member status integration test:memberWith2000PointsEarnsGoldAfterSpends$30000
15:46:21.801 [pool-7-thread-5] DEBUG net.thucydides.core.reports.ReportService - net.thucydides.core.reports.html.HtmlAcceptanceTestReporter@5ccb85d6: Generating report for test outcome: Member status integration test:memberWith2000PointsEarnsGoldAfterSpends$30000
15:46:21.802 [main] DEBUG net.thucydides.core.reports.junit.JUnitXMLOutcomeReporter - GENERATING JUNIT REPORTS
15:46:21.802 [pool-7-thread-2] DEBUG net.thucydides.core.reports.ReportService - Processing test outcome Member status integration test:memberWith500PointsEarnsGoldAfterSpends$40000
15:46:21.802 [pool-7-thread-2] DEBUG net.thucydides.core.reports.ReportService - net.thucydides.core.reports.html.HtmlAcceptanceTestReporter@5ccb85d6: Generating report for test outcome: Member status integration test:memberWith500PointsEarnsGoldAfterSpends$40000
15:46:21.803 [pool-7-thread-6] DEBUG net.thucydides.core.reports.ReportService - Processing test outcome Member status integration test:memberWith50000PointsCanExchangeAMacbookpro
15:46:21.803 [pool-7-thread-6] DEBUG net.thucydides.core.reports.ReportService - net.thucydides.core.reports.html.HtmlAcceptanceTestReporter@5ccb85d6: Generating report for test outcome: Member status integration test:memberWith50000PointsCanExchangeAMacbookpro
15:46:21.803 [pool-7-thread-2] DEBUG net.thucydides.core.reports.html.HtmlAcceptanceTestReporter - GENERATE TEST OUTCOME REPORT FOR memberWith500PointsEarnsGoldAfterSpends$40000 in a857f3d06890365ed2c95818f2ee9ab3adba6aa9c88e590891ded63447d3a059
15:46:21.803 [pool-7-thread-2] DEBUG net.thucydides.core.requirements.RequirementsTagProvider - Requirements found:[]
15:46:21.803 [pool-7-thread-2] DEBUG net.serenitybdd.plugins.jira.requirements.JIRARequirementsProvider - Find parent requirement in JIRA for Members with 500 points should have a Gold status when added 4,000 points ($40,000)
15:46:21.803 [pool-7-thread-6] DEBUG net.thucydides.core.reports.html.HtmlAcceptanceTestReporter - GENERATE TEST OUTCOME REPORT FOR memberWith50000PointsCanExchangeAMacbookpro in 09a91063416706df8b26cfc7b82d932c65226cfd49039fefe7dea075269fa088
15:46:21.804 [pool-7-thread-6] DEBUG net.thucydides.core.requirements.RequirementsTagProvider - Requirements found:[]
15:46:21.804 [pool-7-thread-6] DEBUG net.serenitybdd.plugins.jira.requirements.JIRARequirementsProvider - Find parent requirement in JIRA for Members with 50,000 points can exchange a MacBook Pro
15:46:21.804 [pool-7-thread-2] DEBUG net.serenitybdd.plugins.jira.requirements.JIRARequirementsProvider - Find parent requirement in JIRA for Members with 500 points should have a Gold status when added 4,000 points ($40,000)
15:46:21.804 [pool-7-thread-2] DEBUG net.serenitybdd.plugins.jira.requirements.JIRARequirementsProvider - Find parent requirement in JIRA for Members with 500 points should have a Gold status when added 4,000 points ($40,000)
15:46:21.804 [pool-7-thread-6] DEBUG net.serenitybdd.plugins.jira.requirements.JIRARequirementsProvider - Find parent requirement in JIRA for Members with 50,000 points can exchange a MacBook Pro
15:46:21.805 [pool-7-thread-6] DEBUG net.serenitybdd.plugins.jira.requirements.JIRARequirementsProvider - Find parent requirement in JIRA for Members with 50,000 points can exchange a MacBook Pro
15:46:21.812 [pool-7-thread-4] DEBUG net.thucydides.core.reports.html.HtmlAcceptanceTestReporter - GENERATING HTML REPORT FOR Member status integration test:earnsSilverAfterSpends$10000 in 3bd0708e3ea2425f971e08185b09e4d3521e6fb7003c35c1726653026fac9060.html in directory target/site/serenity  
15:46:21.812 [pool-7-thread-4] DEBUG net.thucydides.core.reports.html.HtmlAcceptanceTestReporter - Generating report in 3bd0708e3ea2425f971e08185b09e4d3521e6fb7003c35c1726653026fac9060.html
15:46:21.814 [pool-7-thread-5] DEBUG net.thucydides.core.reports.html.HtmlAcceptanceTestReporter - GENERATE TEST OUTCOME REPORT FOR memberWith2000PointsEarnsGoldAfterSpends$30000 in d6c93d7d808832a90c6f3e866d2c20598c04fcdd3beda78aefca0f905f3d67a9
15:46:21.814 [pool-7-thread-5] DEBUG net.thucydides.core.requirements.RequirementsTagProvider - Requirements found:[]
15:46:21.814 [pool-7-thread-5] DEBUG net.serenitybdd.plugins.jira.requirements.JIRARequirementsProvider - Find parent requirement in JIRA for Members with 2,000 points should earn Gold grade when added 3,000 points ($30,000)
15:46:21.815 [pool-7-thread-2] DEBUG net.thucydides.core.reports.html.HtmlAcceptanceTestReporter - GENERATING HTML REPORT FOR Member status integration test:memberWith500PointsEarnsGoldAfterSpends$40000 in a857f3d06890365ed2c95818f2ee9ab3adba6aa9c88e590891ded63447d3a059.html in directory target/site/serenity  
15:46:21.815 [pool-7-thread-5] DEBUG net.serenitybdd.plugins.jira.requirements.JIRARequirementsProvider - Find parent requirement in JIRA for Members with 2,000 points should earn Gold grade when added 3,000 points ($30,000)
15:46:21.815 [pool-7-thread-5] DEBUG net.serenitybdd.plugins.jira.requirements.JIRARequirementsProvider - Find parent requirement in JIRA for Members with 2,000 points should earn Gold grade when added 3,000 points ($30,000)
15:46:21.815 [pool-7-thread-2] DEBUG net.thucydides.core.reports.html.HtmlAcceptanceTestReporter - Generating report in a857f3d06890365ed2c95818f2ee9ab3adba6aa9c88e590891ded63447d3a059.html
15:46:21.818 [pool-7-thread-1] DEBUG net.thucydides.core.reports.html.HtmlAcceptanceTestReporter - GENERATING HTML REPORT FOR Member status integration test:membersShouldStartWithBronzeStatus in 35cddb4ad46611e4be3440f1f3094ade8febdd41c25f760b288ff36fc3846175.html in directory target/site/serenity  
15:46:21.819 [pool-7-thread-1] DEBUG net.thucydides.core.reports.html.HtmlAcceptanceTestReporter - Generating report in 35cddb4ad46611e4be3440f1f3094ade8febdd41c25f760b288ff36fc3846175.html
15:46:21.822 [pool-7-thread-6] DEBUG net.thucydides.core.reports.html.HtmlAcceptanceTestReporter - GENERATING HTML REPORT FOR Member status integration test:memberWith50000PointsCanExchangeAMacbookpro in 09a91063416706df8b26cfc7b82d932c65226cfd49039fefe7dea075269fa088.html in directory target/site/serenity  
15:46:21.826 [pool-7-thread-5] DEBUG net.thucydides.core.reports.html.HtmlAcceptanceTestReporter - GENERATING HTML REPORT FOR Member status integration test:memberWith2000PointsEarnsGoldAfterSpends$30000 in d6c93d7d808832a90c6f3e866d2c20598c04fcdd3beda78aefca0f905f3d67a9.html in directory target/site/serenity  
15:46:21.826 [pool-7-thread-5] DEBUG net.thucydides.core.reports.html.HtmlAcceptanceTestReporter - Generating report in d6c93d7d808832a90c6f3e866d2c20598c04fcdd3beda78aefca0f905f3d67a9.html
15:46:21.826 [pool-7-thread-6] DEBUG net.thucydides.core.reports.html.HtmlAcceptanceTestReporter - Generating report in 09a91063416706df8b26cfc7b82d932c65226cfd49039fefe7dea075269fa088.html
15:46:21.870 [pool-7-thread-3] DEBUG net.thucydides.core.reports.html.HtmlAcceptanceTestReporter - Generated report 7e969c664161994444905032e8c6db91d3d868243e8329752e6c02cde36b9e8e.html in 79 ms
15:46:21.870 [pool-7-thread-3] DEBUG net.thucydides.core.reports.ReportService - Processing test outcome Member status integration test:memberWith100EarnsGoldAfterSpends$100000 done
15:46:21.880 [pool-7-thread-2] DEBUG net.thucydides.core.reports.html.HtmlAcceptanceTestReporter - Generated report a857f3d06890365ed2c95818f2ee9ab3adba6aa9c88e590891ded63447d3a059.html in 65 ms
15:46:21.881 [pool-7-thread-2] DEBUG net.thucydides.core.reports.ReportService - Processing test outcome Member status integration test:memberWith500PointsEarnsGoldAfterSpends$40000 done
15:46:21.891 [pool-7-thread-4] DEBUG net.thucydides.core.reports.html.HtmlAcceptanceTestReporter - Generated report 3bd0708e3ea2425f971e08185b09e4d3521e6fb7003c35c1726653026fac9060.html in 79 ms
15:46:21.891 [pool-7-thread-4] DEBUG net.thucydides.core.reports.ReportService - Processing test outcome Member status integration test:earnsSilverAfterSpends$10000 done
15:46:21.892 [pool-7-thread-5] DEBUG net.thucydides.core.reports.html.HtmlAcceptanceTestReporter - Generated report d6c93d7d808832a90c6f3e866d2c20598c04fcdd3beda78aefca0f905f3d67a9.html in 66 ms
15:46:21.893 [pool-7-thread-5] DEBUG net.thucydides.core.reports.ReportService - Processing test outcome Member status integration test:memberWith2000PointsEarnsGoldAfterSpends$30000 done
15:46:21.895 [pool-7-thread-1] DEBUG net.thucydides.core.reports.html.HtmlAcceptanceTestReporter - Generated report 35cddb4ad46611e4be3440f1f3094ade8febdd41c25f760b288ff36fc3846175.html in 77 ms
15:46:21.895 [pool-7-thread-1] DEBUG net.thucydides.core.reports.ReportService - Processing test outcome Member status integration test:membersShouldStartWithBronzeStatus done
15:46:21.897 [pool-7-thread-6] DEBUG net.thucydides.core.reports.html.HtmlAcceptanceTestReporter - Generated report 09a91063416706df8b26cfc7b82d932c65226cfd49039fefe7dea075269fa088.html in 71 ms
15:46:21.898 [pool-7-thread-6] DEBUG net.thucydides.core.reports.ReportService - Processing test outcome Member status integration test:memberWith50000PointsCanExchangeAMacbookpro done
15:46:21.898 [main] DEBUG net.thucydides.core.reports.ReportService - Shutting down executor service
15:46:21.898 [main] DEBUG net.thucydides.core.reports.ReportService - Reports generated in: 121 ms
15:46:21.900 [main] DEBUG net.thucydides.core.reports.ReportService - Generating report for configuration
]]></system-out>
  </testcase>
</testsuite>