<?xml version="1.0" encoding="UTF-8"?>
<testsuite name="com.baeldung.awaitility.AsyncServiceLongRunningManualTest" time="13.724" tests="7" errors="1" skipped="0" failures="0">
  <properties>
[...]
</properties>
  <testcase name="givenValue_whenAddValue_thenValueAdded" classname="com.baeldung.awaitility.AsyncServiceLongRunningManualTest" time="3.031"/>
  <testcase name="givenAsyncService_whenInitialize_thenInitOccurs_withDefualts" classname="com.baeldung.awaitility.AsyncServiceLongRunningManualTest" time="2.001"/>
  <testcase name="givenAsyncService_whenInitialize_thenInitOccurs_withProxy" classname="com.baeldung.awaitility.AsyncServiceLongRunningManualTest" time="0.65">
    <error message="Cannot define class using reflection" type="java.lang.UnsupportedOperationException"><![CDATA[java.lang.UnsupportedOperationException: Cannot define class using reflection
	at java.base/java.lang.Class.getMethod(Class.java:2108)
	at net.bytebuddy.dynamic.loading.ClassInjector$UsingUnsafe$Dispatcher$CreationAction.run(ClassInjector.java:1260)
	at net.bytebuddy.dynamic.loading.ClassInjector$UsingUnsafe$Dispatcher$CreationAction.run(ClassInjector.java:1248)
	at java.base/java.security.AccessController.doPrivileged(Native Method)
	at net.bytebuddy.dynamic.loading.ClassInjector$UsingUnsafe.<clinit>(ClassInjector.java:1127)
	at net.bytebuddy.dynamic.loading.ClassLoadingStrategy$ForUnsafeInjection.load(ClassLoadingStrategy.java:458)
	at net.bytebuddy.dynamic.TypeResolutionStrategy$Passive.initialize(TypeResolutionStrategy.java:79)
	at net.bytebuddy.dynamic.DynamicType$Default$Unloaded.load(DynamicType.java:4456)
	at net.bytebuddy.dynamic.loading.ClassInjector$UsingReflection$Dispatcher$Indirect.make(ClassInjector.java:684)
	at net.bytebuddy.dynamic.loading.ClassInjector$UsingReflection$Dispatcher$CreationAction.run(ClassInjector.java:302)
	at net.bytebuddy.dynamic.loading.ClassInjector$UsingReflection$Dispatcher$CreationAction.run(ClassInjector.java:290)
	at java.base/java.security.AccessController.doPrivileged(Native Method)
	at net.bytebuddy.dynamic.loading.ClassInjector$UsingReflection.<clinit>(ClassInjector.java:70)
	at net.bytebuddy.dynamic.loading.ClassLoadingStrategy$Default$InjectionDispatcher.load(ClassLoadingStrategy.java:184)
	at net.bytebuddy.dynamic.loading.ClassLoadingStrategy$Default.load(ClassLoadingStrategy.java:120)
	at net.bytebuddy.dynamic.TypeResolutionStrategy$Passive.initialize(TypeResolutionStrategy.java:79)
	at net.bytebuddy.dynamic.DynamicType$Default$Unloaded.load(DynamicType.java:4456)
	at net.bytebuddy.dynamic.DynamicType$Default$Unloaded.load(DynamicType.java:4446)
	at org.awaitility.proxy.internal.ByteBuddyProxyCreator.crateForParameters(ByteBuddyProxyCreator.java:69)
	at org.awaitility.proxy.internal.ByteBuddyProxyCreator.create(ByteBuddyProxyCreator.java:57)
	at org.awaitility.proxy.internal.MethodCallRecorder.createProxy(MethodCallRecorder.java:53)
	at org.awaitility.proxy.AwaitilityClassProxy.to(AwaitilityClassProxy.java:39)
	at com.baeldung.awaitility.AsyncServiceLongRunningManualTest.givenAsyncService_whenInitialize_thenInitOccurs_withProxy(AsyncServiceLongRunningManualTest.java:54)
]]></error>
  </testcase>
  <testcase name="givenAsyncService_whenInitialize_thenInitOccurs1" classname="com.baeldung.awaitility.AsyncServiceLongRunningManualTest" time="2.012"/>
  <testcase name="givenAsyncService_whenInitialize_thenInitOccurs2" classname="com.baeldung.awaitility.AsyncServiceLongRunningManualTest" time="2.007"/>
  <testcase name="givenAsyncService_whenInitialize_thenInitOccurs3" classname="com.baeldung.awaitility.AsyncServiceLongRunningManualTest" time="2.012"/>
  <testcase name="givenAsyncService_whenGetValue_thenExceptionIgnored" classname="com.baeldung.awaitility.AsyncServiceLongRunningManualTest" time="2.011"/>
</testsuite>