<?xml version="1.0" encoding="UTF-8"?>
<testsuite xmlns:xsi="http://www.w3.org/2001/XMLSchema-instance" xsi:noNamespaceSchemaLocation="https://maven.apache.org/surefire/maven-surefire-plugin/xsd/surefire-test-report.xsd" name="com.baeldung.hamcrest.HamcrestMatcherUnitTest" time="0.591" tests="42" errors="0" skipped="0" failures="0">
  <properties>
[...]
</properties>
  <testcase name="given2Classes_whenOneInheritsFromOther_thenCorrect" classname="com.baeldung.hamcrest.HamcrestMatcherUnitTest" time="0.001"/>
  <testcase name="givenString_whenEmptyOrNull_thenCorrect" classname="com.baeldung.hamcrest.HamcrestMatcherUnitTest" time="0"/>
  <testcase name="given2Strings_whenEqualRegardlessWhiteSpace_thenCorrect" classname="com.baeldung.hamcrest.HamcrestMatcherUnitTest" time="0"/>
  <testcase name="givenArray_whenChecksSize_thenCorrect" classname="com.baeldung.hamcrest.HamcrestMatcherUnitTest" time="0"/>
  <testcase name="given2Objects_whenSameInstance_thenCorrect" classname="com.baeldung.hamcrest.HamcrestMatcherUnitTest" time="0.001"/>
  <testcase name="givenBean_whenToStringReturnsRequiredString_thenCorrect" classname="com.baeldung.hamcrest.HamcrestMatcherUnitTest" time="0.004"/>
  <testcase name="givenAList_whenChecksSize_thenCorrect" classname="com.baeldung.hamcrest.HamcrestMatcherUnitTest" time="0.002"/>
  <testcase name="givenAnInteger_whenGreaterThan0_thenCorrect" classname="com.baeldung.hamcrest.HamcrestMatcherUnitTest" time="0.007"/>
  <testcase name="givenString_whenContainsGivenSubstring_thenCorrect" classname="com.baeldung.hamcrest.HamcrestMatcherUnitTest" time="0.003"/>
  <testcase name="given2Strings_whenIsEqual_thenCorrect" classname="com.baeldung.hamcrest.HamcrestMatcherUnitTest" time="0.002"/>
  <testcase name="givenList_whenEachElementGreaterThan0_thenCorrect" classname="com.baeldung.hamcrest.HamcrestMatcherUnitTest" time="0"/>
  <testcase name="givenBean_whenHasCorrectValue_thenCorrect" classname="com.baeldung.hamcrest.HamcrestMatcherUnitTest" time="0.494"/>
  <testcase name="givenAString_whenStartsWithAnotherGivenString_thenCorrect" classname="com.baeldung.hamcrest.HamcrestMatcherUnitTest" time="0.002"/>
  <testcase name="givenAStrings_whenContainsAnotherGivenString_thenCorrect" classname="com.baeldung.hamcrest.HamcrestMatcherUnitTest" time="0.002"/>
  <testcase name="givenArrayAndValues_whenValuesFoundInArrayInOrder_thenCorrect" classname="com.baeldung.hamcrest.HamcrestMatcherUnitTest" time="0.005"/>
  <testcase name="givenValueAndArray_whenValueIsOneOfArrayElements_thenCorrect" classname="com.baeldung.hamcrest.HamcrestMatcherUnitTest" time="0.002"/>
  <testcase name="givenArrayAndValue_whenValueFoundInArray_thenCorrect" classname="com.baeldung.hamcrest.HamcrestMatcherUnitTest" time="0.001"/>
  <testcase name="given2Strings_whenIsEqualRegardlessWhiteSpace_thenCorrect" classname="com.baeldung.hamcrest.HamcrestMatcherUnitTest" time="0"/>
  <testcase name="givenAnInteger_whenGreaterThanOrEqTo5_thenCorrect" classname="com.baeldung.hamcrest.HamcrestMatcherUnitTest" time="0.002"/>
  <testcase name="given2Strings_whenIsNotEqualRegardlessWhiteSpace_thenCorrect" classname="com.baeldung.hamcrest.HamcrestMatcherUnitTest" time="0"/>
  <testcase name="givenCollection_whenEmpty_thenCorrect" classname="com.baeldung.hamcrest.HamcrestMatcherUnitTest" time="0.001"/>
  <testcase name="given2Strings_whenEqual_thenCorrect" classname="com.baeldung.hamcrest.HamcrestMatcherUnitTest" time="0.001"/>
  <testcase name="given2Strings_whenNotEqual_thenCorrect" classname="com.baeldung.hamcrest.HamcrestMatcherUnitTest" time="0.001"/>
  <testcase name="givenBean_whenHasValue_thenCorrect" classname="com.baeldung.hamcrest.HamcrestMatcherUnitTest" time="0.001"/>
  <testcase name="givenMapAndValue_whenValueFoundInMap_thenCorrect" classname="com.baeldung.hamcrest.HamcrestMatcherUnitTest" time="0.002"/>
  <testcase name="givenAnObject_whenInstanceOfGivenClass_thenCorrect" classname="com.baeldung.hamcrest.HamcrestMatcherUnitTest" time="0.002"/>
  <testcase name="givenAListAndValues_whenChecksListForGivenValues_thenCorrect" classname="com.baeldung.hamcrest.HamcrestMatcherUnitTest" time="0.003"/>
  <testcase name="givenString_whenMeetsAllOfGivenConditions_thenCorrect" classname="com.baeldung.hamcrest.HamcrestMatcherUnitTest" time="0.002"/>
  <testcase name="givenArrayAndValues_whenValuesFoundInArray_thenCorrect" classname="com.baeldung.hamcrest.HamcrestMatcherUnitTest" time="0.002"/>
  <testcase name="givenAString_whenEndsWithAnotherGivenString_thenCorrect" classname="com.baeldung.hamcrest.HamcrestMatcherUnitTest" time="0.001"/>
  <testcase name="givenAListAndValues_whenChecksListForGivenValuesWithOrder_thenCorrect" classname="com.baeldung.hamcrest.HamcrestMatcherUnitTest" time="0.002"/>
  <testcase name="givenADouble_whenCloseTo_thenCorrect" classname="com.baeldung.hamcrest.HamcrestMatcherUnitTest" time="0.002"/>
  <testcase name="givenMapAndKey_whenKeyFoundInMap_thenCorrect" classname="com.baeldung.hamcrest.HamcrestMatcherUnitTest" time="0"/>
  <testcase name="givenMapAndEntry_whenEntryFoundInMap_thenCorrect" classname="com.baeldung.hamcrest.HamcrestMatcherUnitTest" time="0"/>
  <testcase name="givenString_whenMeetsAnyOfGivenConditions_thenCorrect" classname="com.baeldung.hamcrest.HamcrestMatcherUnitTest" time="0"/>
  <testcase name="given2Beans_whenHavingSameValues_thenCorrect" classname="com.baeldung.hamcrest.HamcrestMatcherUnitTest" time="0.011"/>
  <testcase name="givenValueAndArray_whenValueFoundInArray_thenCorrect" classname="com.baeldung.hamcrest.HamcrestMatcherUnitTest" time="0.001"/>
  <testcase name="givenString_whenEmpty_thenCorrect" classname="com.baeldung.hamcrest.HamcrestMatcherUnitTest" time="0.001"/>
  <testcase name="givenAnInteger_whenLessThan0_thenCorrect" classname="com.baeldung.hamcrest.HamcrestMatcherUnitTest" time="0.001"/>
  <testcase name="givenInteger_whenAPositiveValue_thenCorrect" classname="com.baeldung.hamcrest.HamcrestMatcherUnitTest" time="0.001"/>
  <testcase name="givenAnInteger_whenLessThanOrEqTo5_thenCorrect" classname="com.baeldung.hamcrest.HamcrestMatcherUnitTest" time="0"/>
  <testcase name="givenString_whenNotNull_thenCorrect" classname="com.baeldung.hamcrest.HamcrestMatcherUnitTest" time="0.001"/>
</testsuite>