<?xml version="1.0" encoding="UTF-8"?><testsuite errors="0" failures="0" name="com.baeldung.serenity.spring.AdderMethodDirtiesContextInitWorkaroundIntegrationTest" skipped="0" tests="2" time="0.07" timestamp="2019-11-15 03:46:25"><testcase classname="com.baeldung.serenity.spring.AdderMethodDirtiesContextInitWorkaroundIntegrationTest" name="0 given number when add and accumulate then summed up"/><testcase classname="com.baeldung.serenity.spring.AdderMethodDirtiesContextInitWorkaroundIntegrationTest" name="1 given number when add then sum wrong"/></testsuite>