<?xml version="1.0" encoding="UTF-8"?><testsuite errors="0" failures="0" name="com.baeldung.serenity.spring.AdderMethodDirtiesContextDependencyWorkaroundIntegrationTest" skipped="0" tests="2" time="0.01" timestamp="2019-11-15 03:46:27"><testcase classname="com.baeldung.serenity.spring.AdderMethodDirtiesContextDependencyWorkaroundIntegrationTest" name="0 given number when add and accumulate then summed up"/><testcase classname="com.baeldung.serenity.spring.AdderMethodDirtiesContextDependencyWorkaroundIntegrationTest" name="1 given number when add then sum wrong"/></testsuite>