<?xml version="1.0" encoding="UTF-8"?><testsuite errors="0" failures="0" name="com.baeldung.serenity.MemberStatusIntegrationTest" skipped="3" tests="6" time="0.1" timestamp="2019-11-15 03:46:21"><testcase classname="com.baeldung.serenity.MemberStatusIntegrationTest" name="Members should start with bronze status"/><testcase classname="com.baeldung.serenity.MemberStatusIntegrationTest" name="Members with 500 points should have a Gold status when added 4,000 points ($40,000)"><skipped/></testcase><testcase classname="com.baeldung.serenity.MemberStatusIntegrationTest" name="Members with 100 points would have a Gold status when added 10,000 points ($100,000)"><skipped/></testcase><testcase classname="com.baeldung.serenity.MemberStatusIntegrationTest" name="Members earn Silver grade after 1000 points ($10,000)"/><testcase classname="com.baeldung.serenity.MemberStatusIntegrationTest" name="Members with 2,000 points should earn Gold grade when added 3,000 points ($30,000)"/><testcase classname="com.baeldung.serenity.MemberStatusIntegrationTest" name="Members with 50,000 points can exchange a MacBook Pro"><skipped/></testcase></testsuite>