<?xml version="1.0" encoding="UTF-8"?><testsuite errors="0" failures="1" name="com.baeldung.serenity.GoogleSearchScreenplayLiveTest" skipped="0" tests="1" time="0.19" timestamp="2019-11-15 03:46:27"><testcase classname="com.baeldung.serenity.GoogleSearchScreenplayLiveTest" name="When google baeldung then should see eugen"><failure message="The page object class com.baeldung.serenity.screenplay.GoogleSearchPage looks dodgy:&#10;This page object does not appear have a constructor that takes a WebDriver parameter" type="net.thucydides.core.pages.WrongPageError">The page object class com.baeldung.serenity.screenplay.GoogleSearchPage looks dodgy:
This page object does not appear have a constructor that takes a WebDriver parameter</failure><system-err>The page object class com.baeldung.serenity.screenplay.GoogleSearchPage looks dodgy:
This page object does not appear have a constructor that takes a WebDriver parameter
com.baeldung.serenity.screenplay.StartWith.googleSearchPage(StartWith.java:13)
com.baeldung.serenity.GoogleSearchScreenplayLiveTest.whenGoogleBaeldungThenShouldSeeEugen(GoogleSearchScreenplayLiveTest.java:37)
java.base/jdk.internal.reflect.NativeMethodAccessorImpl.invoke0(Native Method)
java.base/jdk.internal.reflect.NativeMethodAccessorImpl.invoke(NativeMethodAccessorImpl.java:62)
java.base/jdk.internal.reflect.DelegatingMethodAccessorImpl.invoke(DelegatingMethodAccessorImpl.java:43)
</system-err></testcase></testsuite>